<?xml version="1.0" encoding="UTF-8"?>
<!-- Generated by org.testng.reporters.JUnitReportReporter -->
<testsuite hostname="DESKTOP-E6JIKVI" failures="0" tests="3" name="VaibhavFrameWorkDesign.SeleniumFrameworkMyVersionTests.StandAloneTestPOM" time="162.381" errors="0" timestamp="2024-11-22T16:35:57 IST" skipped="0">
  <testcase classname="VaibhavFrameWorkDesign.SeleniumFrameworkMyVersionTests.StandAloneTestPOM" name="submitOrder" time="44.461"/>
  <testcase classname="VaibhavFrameWorkDesign.SeleniumFrameworkMyVersionTests.StandAloneTestPOM" name="submitOrder" time="44.899"/>
  <testcase classname="VaibhavFrameWorkDesign.SeleniumFrameworkMyVersionTests.StandAloneTestPOM" name="orderHistoryTest" time="73.021"/>
</testsuite> <!-- VaibhavFrameWorkDesign.SeleniumFrameworkMyVersionTests.StandAloneTestPOM -->
