<?xml version="1.0" encoding="UTF-8"?>
<!-- Generated by org.testng.reporters.JUnitReportReporter -->
<testsuite hostname="DESKTOP-E6JIKVI" failures="0" tests="3" name="VaibhavFrameWorkDesign.SeleniumFrameworkMyVersionTests.StandAloneTestPOM" time="59.796" errors="0" timestamp="2024-11-24T15:22:07 IST" skipped="0">
  <testcase classname="VaibhavFrameWorkDesign.SeleniumFrameworkMyVersionTests.StandAloneTestPOM" name="submitOrder" time="24.315"/>
  <testcase classname="VaibhavFrameWorkDesign.SeleniumFrameworkMyVersionTests.StandAloneTestPOM" name="orderHistoryTest" time="9.808"/>
  <testcase classname="VaibhavFrameWorkDesign.SeleniumFrameworkMyVersionTests.StandAloneTestPOM" name="submitOrder" time="25.673"/>
</testsuite> <!-- VaibhavFrameWorkDesign.SeleniumFrameworkMyVersionTests.StandAloneTestPOM -->
