<?xml version="1.0" encoding="UTF-8"?>
<!-- Generated by org.testng.reporters.JUnitReportReporter -->
<testsuite hostname="DESKTOP-E6JIKVI" failures="0" tests="1" name="VaibhavFrameWorkDesign.Cucumber.TestNgTestRunner" time="42.879" errors="0" timestamp="2024-11-24T15:44:21 IST" skipped="0">
  <testcase classname="VaibhavFrameWorkDesign.Cucumber.TestNgTestRunner" name="runScenario" time="42.879"/>
</testsuite> <!-- VaibhavFrameWorkDesign.Cucumber.TestNgTestRunner -->
